2023-11-02 17:28:50.133 [INF] App server is starting.
2023-11-02 17:28:58.561 [INF] LogErrorHandlerMiddleware.Invoke
2023-11-02 17:28:58.564 [INF] HeartBeat
2023-11-02 17:28:58.565 [INF] LogRequestLoggingMiddleware.Invoke
2023-11-02 17:28:59.857 [WRN] The 'bool' property 'IsActive' on entity type 'Company' is configured with a database-generated default. This default will always be used for inserts when the property has the value 'false', since this is the CLR default for the 'bool' type. Consider using the nullable 'bool?' type instead, so that the default will only be used for inserts when the property value is 'null'.
2023-11-02 17:28:59.859 [WRN] The 'bool' property 'IsActive' on entity type 'CurrentAccount' is configured with a database-generated default. This default will always be used for inserts when the property has the value 'false', since this is the CLR default for the 'bool' type. Consider using the nullable 'bool?' type instead, so that the default will only be used for inserts when the property value is 'null'.
2023-11-02 17:28:59.859 [WRN] The 'bool' property 'IsActive' on entity type 'Dealer' is configured with a database-generated default. This default will always be used for inserts when the property has the value 'false', since this is the CLR default for the 'bool' type. Consider using the nullable 'bool?' type instead, so that the default will only be used for inserts when the property value is 'null'.
2023-11-02 17:28:59.860 [WRN] The 'bool' property 'IsActive' on entity type 'Expense' is configured with a database-generated default. This default will always be used for inserts when the property has the value 'false', since this is the CLR default for the 'bool' type. Consider using the nullable 'bool?' type instead, so that the default will only be used for inserts when the property value is 'null'.
2023-11-02 17:28:59.860 [WRN] The 'bool' property 'IsActive' on entity type 'Message' is configured with a database-generated default. This default will always be used for inserts when the property has the value 'false', since this is the CLR default for the 'bool' type. Consider using the nullable 'bool?' type instead, so that the default will only be used for inserts when the property value is 'null'.
2023-11-02 17:28:59.860 [WRN] The 'bool' property 'IsActive' on entity type 'Order' is configured with a database-generated default. This default will always be used for inserts when the property has the value 'false', since this is the CLR default for the 'bool' type. Consider using the nullable 'bool?' type instead, so that the default will only be used for inserts when the property value is 'null'.
2023-11-02 17:28:59.860 [WRN] The 'bool' property 'IsActive' on entity type 'OrderItem' is configured with a database-generated default. This default will always be used for inserts when the property has the value 'false', since this is the CLR default for the 'bool' type. Consider using the nullable 'bool?' type instead, so that the default will only be used for inserts when the property value is 'null'.
2023-11-02 17:28:59.860 [WRN] The 'bool' property 'IsActive' on entity type 'Product' is configured with a database-generated default. This default will always be used for inserts when the property has the value 'false', since this is the CLR default for the 'bool' type. Consider using the nullable 'bool?' type instead, so that the default will only be used for inserts when the property value is 'null'.
2023-11-02 17:29:01.222 [INF] -------------Request-Begin------------
2023-11-02 17:29:01.223 [INF] Http Request Information: 
Schema:https 
Host: localhost:44319 
Path: /api/v1/Login 
QueryString:  
Request Body: {
  "email": "info@abc.com",
  "password": "hello"
}
2023-11-02 17:29:01.223 [INF] 

2023-11-02 17:29:01.223 [INF] Http Response Information: 
Schema:https 
Host: localhost:44319 
Path: /api/v1/Login 
QueryString:  
StatusCode: 200 
Response Body: {"success":true,"message":"Success","response":{"expireDate":"2023-11-02T17:39:01.197918+03:00","token":"eyJhbGciOiJodHRwOi8vd3d3LnczLm9yZy8yMDAxLzA0L3htbGRzaWctbW9yZSNobWFjLXNoYTI1NiIsInR5cCI6IkpXVCJ9.eyJJZCI6IjEiLCJSb2xlIjoiZGVhbGVyIiwiRW1haWwiOiJpbmZvQGFiYy5jb20iLCJodHRwOi8vc2NoZW1hcy5taWNyb3NvZnQuY29tL3dzLzIwMDgvMDYvaWRlbnRpdHkvY2xhaW1zL3JvbGUiOiJkZWFsZXIiLCJleHAiOjE2OTg5MzU5NDEsImlzcyI6IkVycC5BcGkiLCJhdWQiOiJFcnAuQXBpIn0.XFWUl9Ix13bqkq2mao1FgM5ArByM7Gc9ZoUlWKBgT1Y","email":"info@abc.com"}}
2023-11-02 17:29:01.223 [INF] -------------Request-End------------
