2023-10-30 01:55:03.537 [INF] App server is starting.
2023-10-30 02:07:13.220 [INF] App server is starting.
2023-10-30 02:07:39.284 [INF] LogErrorHandlerMiddleware.Invoke
2023-10-30 02:07:39.286 [INF] HeartBeat
2023-10-30 02:07:39.288 [INF] LogRequestLoggingMiddleware.Invoke
2023-10-30 02:07:40.665 [WRN] The 'bool' property 'IsActive' on entity type 'Company' is configured with a database-generated default. This default will always be used for inserts when the property has the value 'false', since this is the CLR default for the 'bool' type. Consider using the nullable 'bool?' type instead, so that the default will only be used for inserts when the property value is 'null'.
2023-10-30 02:07:40.667 [WRN] The 'bool' property 'IsActive' on entity type 'CurrentAccount' is configured with a database-generated default. This default will always be used for inserts when the property has the value 'false', since this is the CLR default for the 'bool' type. Consider using the nullable 'bool?' type instead, so that the default will only be used for inserts when the property value is 'null'.
2023-10-30 02:07:40.667 [WRN] The 'bool' property 'IsActive' on entity type 'Dealer' is configured with a database-generated default. This default will always be used for inserts when the property has the value 'false', since this is the CLR default for the 'bool' type. Consider using the nullable 'bool?' type instead, so that the default will only be used for inserts when the property value is 'null'.
2023-10-30 02:07:40.667 [WRN] The 'bool' property 'IsActive' on entity type 'Message' is configured with a database-generated default. This default will always be used for inserts when the property has the value 'false', since this is the CLR default for the 'bool' type. Consider using the nullable 'bool?' type instead, so that the default will only be used for inserts when the property value is 'null'.
2023-10-30 02:07:40.667 [WRN] The 'bool' property 'IsActive' on entity type 'Order' is configured with a database-generated default. This default will always be used for inserts when the property has the value 'false', since this is the CLR default for the 'bool' type. Consider using the nullable 'bool?' type instead, so that the default will only be used for inserts when the property value is 'null'.
2023-10-30 02:07:40.667 [WRN] The 'bool' property 'IsActive' on entity type 'OrderItem' is configured with a database-generated default. This default will always be used for inserts when the property has the value 'false', since this is the CLR default for the 'bool' type. Consider using the nullable 'bool?' type instead, so that the default will only be used for inserts when the property value is 'null'.
2023-10-30 02:07:40.667 [WRN] The 'bool' property 'IsActive' on entity type 'Product' is configured with a database-generated default. This default will always be used for inserts when the property has the value 'false', since this is the CLR default for the 'bool' type. Consider using the nullable 'bool?' type instead, so that the default will only be used for inserts when the property value is 'null'.
2023-10-30 02:07:40.667 [WRN] The 'bool' property 'IsActive' on entity type 'UserDetail' is configured with a database-generated default. This default will always be used for inserts when the property has the value 'false', since this is the CLR default for the 'bool' type. Consider using the nullable 'bool?' type instead, so that the default will only be used for inserts when the property value is 'null'.
2023-10-30 02:07:43.619 [INF] -------------Request-Begin------------
2023-10-30 02:07:43.620 [INF] Http Request Information: 
Schema:https 
Host: localhost:44319 
Path: /api/Login 
QueryString:  
Request Body: {
  "email": "enes@abc.com",
  "password": "bsdfdsf"
}
2023-10-30 02:07:43.620 [INF] 

2023-10-30 02:07:43.620 [INF] Http Response Information: 
Schema:https 
Host: localhost:44319 
Path: /api/Login 
QueryString:  
StatusCode: 200 
Response Body: {"success":false,"message":"Invalid user informations","response":null}
2023-10-30 02:07:43.620 [INF] -------------Request-End------------
2023-10-30 02:11:41.179 [INF] App server is starting.
2023-10-30 02:12:22.716 [INF] LogErrorHandlerMiddleware.Invoke
2023-10-30 02:12:22.718 [INF] HeartBeat
2023-10-30 02:12:22.720 [INF] LogRequestLoggingMiddleware.Invoke
2023-10-30 02:12:23.692 [WRN] The 'bool' property 'IsActive' on entity type 'Company' is configured with a database-generated default. This default will always be used for inserts when the property has the value 'false', since this is the CLR default for the 'bool' type. Consider using the nullable 'bool?' type instead, so that the default will only be used for inserts when the property value is 'null'.
2023-10-30 02:12:23.694 [WRN] The 'bool' property 'IsActive' on entity type 'CurrentAccount' is configured with a database-generated default. This default will always be used for inserts when the property has the value 'false', since this is the CLR default for the 'bool' type. Consider using the nullable 'bool?' type instead, so that the default will only be used for inserts when the property value is 'null'.
2023-10-30 02:12:23.694 [WRN] The 'bool' property 'IsActive' on entity type 'Dealer' is configured with a database-generated default. This default will always be used for inserts when the property has the value 'false', since this is the CLR default for the 'bool' type. Consider using the nullable 'bool?' type instead, so that the default will only be used for inserts when the property value is 'null'.
2023-10-30 02:12:23.694 [WRN] The 'bool' property 'IsActive' on entity type 'Message' is configured with a database-generated default. This default will always be used for inserts when the property has the value 'false', since this is the CLR default for the 'bool' type. Consider using the nullable 'bool?' type instead, so that the default will only be used for inserts when the property value is 'null'.
2023-10-30 02:12:23.694 [WRN] The 'bool' property 'IsActive' on entity type 'Order' is configured with a database-generated default. This default will always be used for inserts when the property has the value 'false', since this is the CLR default for the 'bool' type. Consider using the nullable 'bool?' type instead, so that the default will only be used for inserts when the property value is 'null'.
2023-10-30 02:12:23.694 [WRN] The 'bool' property 'IsActive' on entity type 'OrderItem' is configured with a database-generated default. This default will always be used for inserts when the property has the value 'false', since this is the CLR default for the 'bool' type. Consider using the nullable 'bool?' type instead, so that the default will only be used for inserts when the property value is 'null'.
2023-10-30 02:12:23.695 [WRN] The 'bool' property 'IsActive' on entity type 'Product' is configured with a database-generated default. This default will always be used for inserts when the property has the value 'false', since this is the CLR default for the 'bool' type. Consider using the nullable 'bool?' type instead, so that the default will only be used for inserts when the property value is 'null'.
2023-10-30 02:12:23.695 [WRN] The 'bool' property 'IsActive' on entity type 'UserDetail' is configured with a database-generated default. This default will always be used for inserts when the property has the value 'false', since this is the CLR default for the 'bool' type. Consider using the nullable 'bool?' type instead, so that the default will only be used for inserts when the property value is 'null'.
2023-10-30 02:12:58.782 [INF] -------------Request-Begin------------
2023-10-30 02:12:58.783 [INF] Http Request Information: 
Schema:https 
Host: localhost:44319 
Path: /api/Login 
QueryString:  
Request Body: {
  "email": "info@orhan.com",
  "password": "vakifbank"
}
2023-10-30 02:12:58.783 [INF] 

2023-10-30 02:12:58.783 [INF] Http Response Information: 
Schema:https 
Host: localhost:44319 
Path: /api/Login 
QueryString:  
StatusCode: 200 
Response Body: {"success":true,"message":"Success","response":{"expireDate":"2023-10-30T02:22:58.7623811+03:00","token":"eyJhbGciOiJodHRwOi8vd3d3LnczLm9yZy8yMDAxLzA0L3htbGRzaWctbW9yZSNobWFjLXNoYTI1NiIsInR5cCI6IkpXVCJ9.eyJJZCI6IjEiLCJSb2xlIjoiYWRtaW4iLCJFbWFpbCI6ImluZm9Ab3JoYW4uY29tIiwiaHR0cDovL3NjaGVtYXMubWljcm9zb2Z0LmNvbS93cy8yMDA4LzA2L2lkZW50aXR5L2NsYWltcy9yb2xlIjoiYWRtaW4iLCJleHAiOjE2OTg2MjE3NzgsImlzcyI6IkVycC5BcGkiLCJhdWQiOiJFcnAuQXBpIn0.d-TbU31jEERHJUrfx2m4fZh4TePwSvVJZntSIAoA-Cs","email":"info@orhan.com"}}
2023-10-30 02:12:58.783 [INF] -------------Request-End------------
2023-10-30 02:16:58.280 [INF] LogErrorHandlerMiddleware.Invoke
2023-10-30 02:16:58.280 [INF] HeartBeat
2023-10-30 02:16:58.280 [INF] LogRequestLoggingMiddleware.Invoke
2023-10-30 02:16:58.435 [WRN] Compiling a query which loads related collections for more than one collection navigation, either via 'Include' or through projection, but no 'QuerySplittingBehavior' has been configured. By default, Entity Framework will use 'QuerySplittingBehavior.SingleQuery', which can potentially result in slow query performance. See https://go.microsoft.com/fwlink/?linkid=2134277 for more information. To identify the query that's triggering this warning call 'ConfigureWarnings(w => w.Throw(RelationalEventId.MultipleCollectionIncludeWarning))'.
2023-10-30 02:16:58.576 [INF] -------------Request-Begin------------
2023-10-30 02:16:58.576 [INF] Http Request Information: 
Schema:https 
Host: localhost:44319 
Path: /api/v1/Companies 
QueryString:  
Request Body: 
2023-10-30 02:16:58.576 [INF] 

2023-10-30 02:16:58.577 [INF] Http Response Information: 
Schema:https 
Host: localhost:44319 
Path: /api/v1/Companies 
QueryString:  
StatusCode: 200 
Response Body: {"success":true,"message":"Success","response":[{"id":1,"email":"info@orhan.com","password":"e0c54908fe7e51fd931adc59e610348c","companyName":"Orhan Teknolojileri San. ve Tic. A.S.","role":0,"lastActivityDate":"2023-07-07T00:00:00","passwordRetryCount":0,"dealers":[{"id":1,"companyId":1,"company":"Orhan Teknolojileri San. ve Tic. A.S.","email":"info@abc.com","password":"5d41402abc4b2a76b9719d911017c592","dealerName":"ABC A.S.","address":"Istanbul/Turkey","billingAddress":"Istanbul/Turkey","taxOffice":"Istanbul","taxNumber":111111,"marginPercentage":null,"role":1,"orders":[],"messages":[]},{"id":2,"companyId":1,"company":"Orhan Teknolojileri San. ve Tic. A.S.","email":"info@def.com","password":"5d41402abc4b2a76b9719d911017c592","dealerName":"DEF A.S.","address":"Istanbul/Turkey","billingAddress":"Istanbul/Turkey","taxOffice":"Istanbul","taxNumber":111112,"marginPercentage":null,"role":1,"orders":[],"messages":[{"id":1,"dealerId":2,"dealer":"Erp.Data.Entities.Dealer","companyId":1,"company":"Orhan Teknolojileri San. ve Tic. A.S.","messages":"Merhaba, AAA konusunda yard覺mc覺 olabilir misiniz?"}]},{"id":4,"companyId":1,"company":"Orhan Teknolojileri San. ve Tic. A.S.","email":"gah@info.com","password":"5d41402abc4b2a76b9719d911017c592","dealerName":"GAH A.S.","address":"Istanbul/Turkey","billingAddress":"Istanbul/Turkey","taxOffice":"Istanbul","taxNumber":111113,"marginPercentage":null,"role":1,"orders":[],"messages":[]}],"products":[{"id":2,"companyId":1,"company":"Orhan Teknolojileri San. ve Tic. A.S.","productName":"Stepper Motor","productPrice":150.00,"productStock":50,"orderItems":[]},{"id":3,"companyId":1,"company":"Orhan Teknolojileri San. ve Tic. A.S.","productName":"Stepper Motor Driver","productPrice":200.00,"productStock":70,"orderItems":[]}],"messages":[{"id":1,"dealerId":2,"dealer":"Erp.Data.Entities.Dealer","companyId":1,"company":"Orhan Teknolojileri San. ve Tic. A.S.","messages":"Merhaba, AAA konusunda yard覺mc覺 olabilir misiniz?"}],"currentAccounts":[]}]}
2023-10-30 02:16:58.577 [INF] -------------Request-End------------
2023-10-30 02:27:03.476 [INF] App server is starting.
2023-10-30 02:27:13.721 [INF] LogErrorHandlerMiddleware.Invoke
2023-10-30 02:27:13.724 [INF] HeartBeat
2023-10-30 02:27:13.726 [INF] LogRequestLoggingMiddleware.Invoke
2023-10-30 02:27:14.765 [WRN] The 'bool' property 'IsActive' on entity type 'Company' is configured with a database-generated default. This default will always be used for inserts when the property has the value 'false', since this is the CLR default for the 'bool' type. Consider using the nullable 'bool?' type instead, so that the default will only be used for inserts when the property value is 'null'.
2023-10-30 02:27:14.770 [WRN] The 'bool' property 'IsActive' on entity type 'CurrentAccount' is configured with a database-generated default. This default will always be used for inserts when the property has the value 'false', since this is the CLR default for the 'bool' type. Consider using the nullable 'bool?' type instead, so that the default will only be used for inserts when the property value is 'null'.
2023-10-30 02:27:14.771 [WRN] The 'bool' property 'IsActive' on entity type 'Dealer' is configured with a database-generated default. This default will always be used for inserts when the property has the value 'false', since this is the CLR default for the 'bool' type. Consider using the nullable 'bool?' type instead, so that the default will only be used for inserts when the property value is 'null'.
2023-10-30 02:27:14.771 [WRN] The 'bool' property 'IsActive' on entity type 'Message' is configured with a database-generated default. This default will always be used for inserts when the property has the value 'false', since this is the CLR default for the 'bool' type. Consider using the nullable 'bool?' type instead, so that the default will only be used for inserts when the property value is 'null'.
2023-10-30 02:27:14.771 [WRN] The 'bool' property 'IsActive' on entity type 'Order' is configured with a database-generated default. This default will always be used for inserts when the property has the value 'false', since this is the CLR default for the 'bool' type. Consider using the nullable 'bool?' type instead, so that the default will only be used for inserts when the property value is 'null'.
2023-10-30 02:27:14.771 [WRN] The 'bool' property 'IsActive' on entity type 'OrderItem' is configured with a database-generated default. This default will always be used for inserts when the property has the value 'false', since this is the CLR default for the 'bool' type. Consider using the nullable 'bool?' type instead, so that the default will only be used for inserts when the property value is 'null'.
2023-10-30 02:27:14.771 [WRN] The 'bool' property 'IsActive' on entity type 'Product' is configured with a database-generated default. This default will always be used for inserts when the property has the value 'false', since this is the CLR default for the 'bool' type. Consider using the nullable 'bool?' type instead, so that the default will only be used for inserts when the property value is 'null'.
2023-10-30 02:27:14.771 [WRN] The 'bool' property 'IsActive' on entity type 'UserDetail' is configured with a database-generated default. This default will always be used for inserts when the property has the value 'false', since this is the CLR default for the 'bool' type. Consider using the nullable 'bool?' type instead, so that the default will only be used for inserts when the property value is 'null'.
2023-10-30 02:27:15.804 [INF] -------------Request-Begin------------
2023-10-30 02:27:15.804 [INF] Http Request Information: 
Schema:https 
Host: localhost:44319 
Path: /api/Login 
QueryString:  
Request Body: {
  "email": "string",
  "password": "string"
}
2023-10-30 02:27:15.804 [INF] 

2023-10-30 02:27:15.805 [INF] Http Response Information: 
Schema:https 
Host: localhost:44319 
Path: /api/Login 
QueryString:  
StatusCode: 200 
Response Body: {"success":false,"message":"Invalid user informations","response":null}
2023-10-30 02:27:15.805 [INF] -------------Request-End------------
2023-10-30 02:27:33.286 [INF] LogErrorHandlerMiddleware.Invoke
2023-10-30 02:27:33.287 [INF] HeartBeat
2023-10-30 02:27:33.287 [INF] LogRequestLoggingMiddleware.Invoke
2023-10-30 02:27:33.592 [INF] -------------Request-Begin------------
2023-10-30 02:27:33.592 [INF] Http Request Information: 
Schema:https 
Host: localhost:44319 
Path: /api/Login 
QueryString:  
Request Body: {
  "email": "info@orhan.com",
  "password": "sdfdsf"
}
2023-10-30 02:27:33.592 [INF] 

2023-10-30 02:27:33.593 [INF] Http Response Information: 
Schema:https 
Host: localhost:44319 
Path: /api/Login 
QueryString:  
StatusCode: 200 
Response Body: {"success":false,"message":"Invalid user informations","response":null}
2023-10-30 02:27:33.594 [INF] -------------Request-End------------
2023-10-30 02:28:37.063 [INF] LogErrorHandlerMiddleware.Invoke
2023-10-30 02:28:37.096 [INF] HeartBeat
2023-10-30 02:28:37.096 [INF] LogRequestLoggingMiddleware.Invoke
2023-10-30 02:28:37.531 [INF] -------------Request-Begin------------
2023-10-30 02:28:37.531 [INF] Http Request Information: 
Schema:https 
Host: localhost:44319 
Path: /api/Login 
QueryString:  
Request Body: {
  "email": "info@abc.com",
  "password": "hello"
}
2023-10-30 02:28:37.531 [INF] 

2023-10-30 02:28:37.531 [INF] Http Response Information: 
Schema:https 
Host: localhost:44319 
Path: /api/Login 
QueryString:  
StatusCode: 200 
Response Body: {"success":true,"message":"Success","response":{"expireDate":"2023-10-30T02:38:37.5229452+03:00","token":"eyJhbGciOiJodHRwOi8vd3d3LnczLm9yZy8yMDAxLzA0L3htbGRzaWctbW9yZSNobWFjLXNoYTI1NiIsInR5cCI6IkpXVCJ9.eyJJZCI6IjEiLCJSb2xlIjoiZGVhbGVyIiwiRW1haWwiOiJpbmZvQGFiYy5jb20iLCJodHRwOi8vc2NoZW1hcy5taWNyb3NvZnQuY29tL3dzLzIwMDgvMDYvaWRlbnRpdHkvY2xhaW1zL3JvbGUiOiJkZWFsZXIiLCJleHAiOjE2OTg2MjI3MTcsImlzcyI6IkVycC5BcGkiLCJhdWQiOiJFcnAuQXBpIn0.jo6QXdoUYoYJeaFSrS7oZOqQuib1ggqAK-4E5A6z9r4","email":"info@abc.com"}}
2023-10-30 02:28:37.531 [INF] -------------Request-End------------
2023-10-30 02:28:45.173 [INF] LogErrorHandlerMiddleware.Invoke
2023-10-30 02:28:45.173 [INF] HeartBeat
2023-10-30 02:28:45.173 [INF] LogRequestLoggingMiddleware.Invoke
2023-10-30 02:28:45.207 [INF] -------------Request-Begin------------
2023-10-30 02:28:45.207 [INF] Http Request Information: 
Schema:https 
Host: localhost:44319 
Path: /api/Login 
QueryString:  
Request Body: {
  "email": "info@abc.com",
  "password": "sdfdsf"
}
2023-10-30 02:28:45.207 [INF] 

2023-10-30 02:28:45.207 [INF] Http Response Information: 
Schema:https 
Host: localhost:44319 
Path: /api/Login 
QueryString:  
StatusCode: 200 
Response Body: {"success":false,"message":"Invalid user informations","response":null}
2023-10-30 02:28:45.207 [INF] -------------Request-End------------
2023-10-30 02:29:00.764 [INF] LogErrorHandlerMiddleware.Invoke
2023-10-30 02:29:00.764 [INF] HeartBeat
2023-10-30 02:29:00.764 [INF] LogRequestLoggingMiddleware.Invoke
2023-10-30 02:29:00.781 [INF] -------------Request-Begin------------
2023-10-30 02:29:00.782 [INF] Http Request Information: 
Schema:https 
Host: localhost:44319 
Path: /api/Login 
QueryString:  
Request Body: {
  "email": "info@def.com",
  "password": "sdfdsf"
}
2023-10-30 02:29:00.782 [INF] 

2023-10-30 02:29:00.782 [INF] Http Response Information: 
Schema:https 
Host: localhost:44319 
Path: /api/Login 
QueryString:  
StatusCode: 200 
Response Body: {"success":false,"message":"Invalid user informations","response":null}
2023-10-30 02:29:00.782 [INF] -------------Request-End------------
2023-10-30 02:29:09.187 [INF] LogErrorHandlerMiddleware.Invoke
2023-10-30 02:29:09.187 [INF] HeartBeat
2023-10-30 02:29:09.187 [INF] LogRequestLoggingMiddleware.Invoke
2023-10-30 02:29:09.209 [INF] -------------Request-Begin------------
2023-10-30 02:29:09.209 [INF] Http Request Information: 
Schema:https 
Host: localhost:44319 
Path: /api/Login 
QueryString:  
Request Body: {
  "email": "info@def.com",
  "password": "sdfdsf"
}
2023-10-30 02:29:09.209 [INF] 

2023-10-30 02:29:09.209 [INF] Http Response Information: 
Schema:https 
Host: localhost:44319 
Path: /api/Login 
QueryString:  
StatusCode: 200 
Response Body: {"success":false,"message":"Invalid user informations","response":null}
2023-10-30 02:29:09.209 [INF] -------------Request-End------------
2023-10-30 02:29:22.958 [INF] LogErrorHandlerMiddleware.Invoke
2023-10-30 02:29:22.959 [INF] HeartBeat
2023-10-30 02:29:22.959 [INF] LogRequestLoggingMiddleware.Invoke
2023-10-30 02:29:22.970 [INF] -------------Request-Begin------------
2023-10-30 02:29:22.970 [INF] Http Request Information: 
Schema:https 
Host: localhost:44319 
Path: /api/Login 
QueryString:  
Request Body: {
  "email": "info@def.com",
  "password": "hello"
}
2023-10-30 02:29:22.970 [INF] 

2023-10-30 02:29:22.970 [INF] Http Response Information: 
Schema:https 
Host: localhost:44319 
Path: /api/Login 
QueryString:  
StatusCode: 200 
Response Body: {"success":true,"message":"Success","response":{"expireDate":"2023-10-30T02:39:22.9702322+03:00","token":"eyJhbGciOiJodHRwOi8vd3d3LnczLm9yZy8yMDAxLzA0L3htbGRzaWctbW9yZSNobWFjLXNoYTI1NiIsInR5cCI6IkpXVCJ9.eyJJZCI6IjIiLCJSb2xlIjoiZGVhbGVyIiwiRW1haWwiOiJpbmZvQGRlZi5jb20iLCJodHRwOi8vc2NoZW1hcy5taWNyb3NvZnQuY29tL3dzLzIwMDgvMDYvaWRlbnRpdHkvY2xhaW1zL3JvbGUiOiJkZWFsZXIiLCJleHAiOjE2OTg2MjI3NjIsImlzcyI6IkVycC5BcGkiLCJhdWQiOiJFcnAuQXBpIn0.FmSTNwzLs1h36GTg4w7ROVvddJhF6tdsBDA3lAlZml4","email":"info@def.com"}}
2023-10-30 02:29:22.970 [INF] -------------Request-End------------
2023-10-30 02:34:41.717 [INF] App server is starting.
2023-10-30 02:35:15.508 [INF] App server is starting.
2023-10-30 02:35:36.291 [INF] LogErrorHandlerMiddleware.Invoke
2023-10-30 02:35:36.293 [INF] HeartBeat
2023-10-30 02:35:36.294 [INF] LogRequestLoggingMiddleware.Invoke
2023-10-30 02:35:37.253 [WRN] The 'bool' property 'IsActive' on entity type 'Company' is configured with a database-generated default. This default will always be used for inserts when the property has the value 'false', since this is the CLR default for the 'bool' type. Consider using the nullable 'bool?' type instead, so that the default will only be used for inserts when the property value is 'null'.
2023-10-30 02:35:37.255 [WRN] The 'bool' property 'IsActive' on entity type 'CurrentAccount' is configured with a database-generated default. This default will always be used for inserts when the property has the value 'false', since this is the CLR default for the 'bool' type. Consider using the nullable 'bool?' type instead, so that the default will only be used for inserts when the property value is 'null'.
2023-10-30 02:35:37.255 [WRN] The 'bool' property 'IsActive' on entity type 'Dealer' is configured with a database-generated default. This default will always be used for inserts when the property has the value 'false', since this is the CLR default for the 'bool' type. Consider using the nullable 'bool?' type instead, so that the default will only be used for inserts when the property value is 'null'.
2023-10-30 02:35:37.255 [WRN] The 'bool' property 'IsActive' on entity type 'Message' is configured with a database-generated default. This default will always be used for inserts when the property has the value 'false', since this is the CLR default for the 'bool' type. Consider using the nullable 'bool?' type instead, so that the default will only be used for inserts when the property value is 'null'.
2023-10-30 02:35:37.255 [WRN] The 'bool' property 'IsActive' on entity type 'Order' is configured with a database-generated default. This default will always be used for inserts when the property has the value 'false', since this is the CLR default for the 'bool' type. Consider using the nullable 'bool?' type instead, so that the default will only be used for inserts when the property value is 'null'.
2023-10-30 02:35:37.255 [WRN] The 'bool' property 'IsActive' on entity type 'OrderItem' is configured with a database-generated default. This default will always be used for inserts when the property has the value 'false', since this is the CLR default for the 'bool' type. Consider using the nullable 'bool?' type instead, so that the default will only be used for inserts when the property value is 'null'.
2023-10-30 02:35:37.255 [WRN] The 'bool' property 'IsActive' on entity type 'Product' is configured with a database-generated default. This default will always be used for inserts when the property has the value 'false', since this is the CLR default for the 'bool' type. Consider using the nullable 'bool?' type instead, so that the default will only be used for inserts when the property value is 'null'.
2023-10-30 02:35:37.255 [WRN] The 'bool' property 'IsActive' on entity type 'UserDetail' is configured with a database-generated default. This default will always be used for inserts when the property has the value 'false', since this is the CLR default for the 'bool' type. Consider using the nullable 'bool?' type instead, so that the default will only be used for inserts when the property value is 'null'.
2023-10-30 02:35:38.192 [INF] -------------Request-Begin------------
2023-10-30 02:35:38.192 [INF] Http Request Information: 
Schema:https 
Host: localhost:44319 
Path: /api/v1/Dealers/4 
QueryString:  
Request Body: 
2023-10-30 02:35:38.192 [INF] 

2023-10-30 02:35:38.192 [INF] Http Response Information: 
Schema:https 
Host: localhost:44319 
Path: /api/v1/Dealers/4 
QueryString:  
StatusCode: 200 
Response Body: {"success":true,"message":null}
2023-10-30 02:35:38.192 [INF] -------------Request-End------------
2023-10-30 02:36:15.954 [INF] LogErrorHandlerMiddleware.Invoke
2023-10-30 02:36:15.954 [INF] HeartBeat
2023-10-30 02:36:15.954 [INF] LogRequestLoggingMiddleware.Invoke
2023-10-30 02:36:16.203 [INF] -------------Request-Begin------------
2023-10-30 02:36:16.203 [INF] Http Request Information: 
Schema:https 
Host: localhost:44319 
Path: /api/v1/Login 
QueryString:  
Request Body: {
  "email": "info@gah.com",
  "password": "hello"
}
2023-10-30 02:36:16.203 [INF] 

2023-10-30 02:36:16.203 [INF] Http Response Information: 
Schema:https 
Host: localhost:44319 
Path: /api/v1/Login 
QueryString:  
StatusCode: 200 
Response Body: {"success":false,"message":"Invalid user informations","response":null}
2023-10-30 02:36:16.203 [INF] -------------Request-End------------
2023-10-30 02:36:36.942 [INF] LogErrorHandlerMiddleware.Invoke
2023-10-30 02:36:36.942 [INF] HeartBeat
2023-10-30 02:36:36.942 [INF] LogRequestLoggingMiddleware.Invoke
2023-10-30 02:36:37.023 [INF] -------------Request-Begin------------
2023-10-30 02:36:37.024 [INF] Http Request Information: 
Schema:https 
Host: localhost:44319 
Path: /api/v1/Login 
QueryString:  
Request Body: {
  "email": "gah@info.com",
  "password": "hello"
}
2023-10-30 02:36:37.024 [INF] 

2023-10-30 02:36:37.024 [INF] Http Response Information: 
Schema:https 
Host: localhost:44319 
Path: /api/v1/Login 
QueryString:  
StatusCode: 200 
Response Body: {"success":false,"message":"Invalid user!","response":null}
2023-10-30 02:36:37.024 [INF] -------------Request-End------------
